TN:
SF:src/index.ts
FN:10,(anonymous_0)
FN:27,(anonymous_1)
FN:30,(anonymous_2)
FN:33,(anonymous_3)
FN:36,(anonymous_4)
FN:64,(anonymous_5)
FN:81,(anonymous_6)
FN:123,(anonymous_7)
FN:132,(anonymous_8)
FN:136,(anonymous_9)
FN:140,(anonymous_10)
FN:144,(anonymous_11)
FN:148,(anonymous_12)
FN:152,(anonymous_13)
FN:160,(anonymous_14)
FN:168,(anonymous_15)
FN:176,(anonymous_16)
FN:186,useQwerty
FNF:18
FNH:18
FNDA:252,(anonymous_0)
FNDA:63,(anonymous_1)
FNDA:63,(anonymous_2)
FNDA:63,(anonymous_3)
FNDA:63,(anonymous_4)
FNDA:25,(anonymous_5)
FNDA:67,(anonymous_6)
FNDA:144,(anonymous_7)
FNDA:50,(anonymous_8)
FNDA:32,(anonymous_9)
FNDA:10,(anonymous_10)
FNDA:10,(anonymous_11)
FNDA:13,(anonymous_12)
FNDA:54,(anonymous_13)
FNDA:3,(anonymous_14)
FNDA:4,(anonymous_15)
FNDA:2,(anonymous_16)
FNDA:25,useQwerty
DA:1,1
DA:9,1
DA:15,252
DA:16,341
DA:17,47
DA:19,294
DA:20,70
DA:21,13
DA:25,192
DA:28,63
DA:31,63
DA:34,63
DA:37,63
DA:65,25
DA:66,25
DA:83,67
DA:91,67
DA:92,2
DA:94,65
DA:95,1
DA:97,65
DA:98,2
DA:101,63
DA:102,27
DA:105,63
DA:106,8
DA:109,63
DA:110,13
DA:113,63
DA:114,12
DA:118,63
DA:123,144
DA:125,63
DA:133,50
DA:137,32
DA:141,10
DA:145,10
DA:149,13
DA:153,54
DA:161,3
DA:169,4
DA:177,2
DA:186,1
DA:187,25
LF:44
LH:44
BRDA:13,0,0,0
BRDA:16,1,0,47
BRDA:19,2,0,70
BRDA:20,3,0,13
BRDA:27,4,0,0
BRDA:30,5,0,0
BRDA:33,6,0,0
BRDA:36,7,0,0
BRDA:81,8,0,54
BRDA:91,9,0,2
BRDA:91,10,0,67
BRDA:91,10,1,3
BRDA:94,11,0,1
BRDA:97,12,0,2
BRDA:101,13,0,27
BRDA:105,14,0,8
BRDA:109,15,0,13
BRDA:113,16,0,12
BRDA:169,17,0,2
BRDA:169,17,1,2
BRF:20
BRH:15
end_of_record
